<?xml version="1.0" encoding="UTF-8"?>
<testsuite xmlns:xsi="http://www.w3.org/2001/XMLSchema-instance" xsi:noNamespaceSchemaLocation="https://maven.apache.org/surefire/maven-surefire-plugin/xsd/surefire-test-report.xsd" version="3.0.1" name="com.e2etests.automation.RunWebSuiteTest" time="32.53" tests="2" errors="0" skipped="0" failures="0">
  <properties>
[...]
</properties>
  <testcase name="Je souhaite tester le bouton logout" classname="Je souhaite tester les boutons logout et about de l application swaglabs" time="8.614">
    <system-out><![CDATA[
@testcase @logout
Scenario: Je souhaite tester le bouton logout               # src/spec/features/features_files/logout.feature:9
  Given je me connecte sur l application Swaglabs           # com.e2etests.automation.step_definitions.AuthenticationStepDefinitions.jeMeConnecteSurLApplicationSwaglabs()
  When je click sur le menu burger                          # com.e2etests.automation.step_definitions.LogoutStepDefinitions.jeClickSurLeMenuBurger()
  And je click sur logout                                   # com.e2etests.automation.step_definitions.LogoutStepDefinitions.jeClickSurLogout()
  Then je me redirige vers la page de connexion "Swag Labs" # com.e2etests.automation.step_definitions.LogoutStepDefinitions.jeMeRedirigeVersLaPageDeConnexion(java.lang.String)
]]></system-out>
    <system-err><![CDATA[Jun 21, 2026 11:45:14 PM org.openqa.selenium.devtools.CdpVersionFinder findNearestMatch
WARNING: Unable to find an exact match for CDP version 149, returning the closest version; found: 147; Please update to a Selenium version that supports CDP version 149
]]></system-err>
  </testcase>
  <testcase name="Je souhaite tester le bouton About" classname="Je souhaite tester les boutons logout et about de l application swaglabs" time="23.595">
    <system-out><![CDATA[
@testcase @about
Scenario: Je souhaite tester le bouton About      # src/spec/features/features_files/logout.feature:14
  Given je me connecte sur l application Swaglabs # com.e2etests.automation.step_definitions.AuthenticationStepDefinitions.jeMeConnecteSurLApplicationSwaglabs()
  When je click sur le menu burger                # com.e2etests.automation.step_definitions.LogoutStepDefinitions.jeClickSurLeMenuBurger()
  And je click sur About                          # com.e2etests.automation.step_definitions.LogoutStepDefinitions.jeClickSurAbout()
  Then je me redirige vers la page about          # com.e2etests.automation.step_definitions.LogoutStepDefinitions.jeMeRedirigeVersLaPageAbout()
]]></system-out>
    <system-err><![CDATA[Jun 21, 2026 11:45:21 PM org.openqa.selenium.devtools.CdpVersionFinder findNearestMatch
WARNING: Unable to find an exact match for CDP version 149, returning the closest version; found: 147; Please update to a Selenium version that supports CDP version 149
]]></system-err>
  </testcase>
</testsuite>